<?xml version="1.0" encoding="UTF-8"?>
<!-- Generated by org.testng.reporters.JUnitReportReporter -->
<testsuite hostname="TYSS-MF-042" name="com.qspiders.testcases.LoginTest" tests="2" failures="0" timestamp="7 Aug 2017 12:26:03 GMT" time="36.287" errors="0">
  <testcase name="invalidLogin" time="23.734" classname="com.qspiders.testcases.LoginTest"/>
  <testcase name="validLoginTest" time="12.553" classname="com.qspiders.testcases.LoginTest"/>
</testsuite> <!-- com.qspiders.testcases.LoginTest -->
